2011-Nov-15 18:15:06:867 [Thread-4] DEBUG org.openpnp.machine.reference.driver.GrblDriver  - Grbl 0.75
2011-Nov-15 18:15:06:882 [Thread-4] DEBUG org.openpnp.machine.reference.driver.GrblDriver  - '$' to dump current settings
2011-Nov-15 18:15:09:791 [AWT-EventQueue-0] DEBUG org.openpnp.machine.reference.driver.GrblDriver  - $
2011-Nov-15 18:15:09:802 [Thread-4] DEBUG org.openpnp.machine.reference.driver.GrblDriver  - $0 = 94.486 (steps/mm x)
2011-Nov-15 18:15:09:818 [Thread-4] DEBUG org.openpnp.machine.reference.driver.GrblDriver  - $1 = 94.486 (steps/mm y)
2011-Nov-15 18:15:09:818 [Thread-4] DEBUG org.openpnp.machine.reference.driver.GrblDriver  - $2 = 188.975 (steps/mm z)
2011-Nov-15 18:15:09:833 [Thread-4] DEBUG org.openpnp.machine.reference.driver.GrblDriver  - $3 = 5.554 (steps/mm c)
2011-Nov-15 18:15:09:834 [Thread-4] DEBUG org.openpnp.machine.reference.driver.GrblDriver  - $4 = 30 (microseconds step pulse)
2011-Nov-15 18:15:09:864 [Thread-4] DEBUG org.openpnp.machine.reference.driver.GrblDriver  - $5 = 5000.000 (mm/min default feed rate)
2011-Nov-15 18:15:09:865 [Thread-4] DEBUG org.openpnp.machine.reference.driver.GrblDriver  - $6 = 5000.000 (mm/min default seek rate)
2011-Nov-15 18:15:09:865 [Thread-4] DEBUG org.openpnp.machine.reference.driver.GrblDriver  - $7 = 0.100 (mm/arc segment)
2011-Nov-15 18:15:09:895 [Thread-4] DEBUG org.openpnp.machine.reference.driver.GrblDriver  - $8 = 250.000 (acceleration in mm/sec^2)
2011-Nov-15 18:15:09:896 [Thread-4] DEBUG org.openpnp.machine.reference.driver.GrblDriver  - $9 = 0.050 (cornering junction deviation in mm)
2011-Nov-15 18:15:09:896 [Thread-4] DEBUG org.openpnp.machine.reference.driver.GrblDriver  - !0 = 0.75 (Grbl version)
2011-Nov-15 18:15:09:911 [Thread-4] DEBUG org.openpnp.machine.reference.driver.GrblDriver  - !1 = 0 (steppers disabled = 0, enabled = 1)
2011-Nov-15 18:15:09:927 [Thread-4] DEBUG org.openpnp.machine.reference.driver.GrblDriver  - '$x=value' to set parameter or just '$' to dump current settings
2011-Nov-15 18:15:09:928 [Thread-4] DEBUG org.openpnp.machine.reference.driver.GrblDriver  - ok
2011-Nov-15 18:15:09:935 [AWT-EventQueue-0] DEBUG org.openpnp.machine.reference.driver.GrblDriver  - Connected to Grbl Version: 0.75
2011-Nov-15 18:15:09:935 [AWT-EventQueue-0] DEBUG org.openpnp.machine.reference.driver.GrblDriver  - !1=0
2011-Nov-15 18:15:09:943 [Thread-4] DEBUG org.openpnp.machine.reference.driver.GrblDriver  - Set runtime setting
2011-Nov-15 18:15:09:959 [Thread-4] DEBUG org.openpnp.machine.reference.driver.GrblDriver  - ok
2011-Nov-15 18:15:09:959 [AWT-EventQueue-0] DEBUG org.openpnp.machine.reference.driver.GrblDriver  - G92 X0 Y0 Z0 C0
2011-Nov-15 18:15:09:975 [Thread-4] DEBUG org.openpnp.machine.reference.driver.GrblDriver  - ok
2011-Nov-15 18:15:42:309 [Thread-4] DEBUG org.openpnp.machine.reference.driver.GrblDriver  - Grbl 0.75
2011-Nov-15 18:15:42:324 [Thread-4] DEBUG org.openpnp.machine.reference.driver.GrblDriver  - '$' to dump current settings
2011-Nov-15 18:15:45:231 [AWT-EventQueue-0] DEBUG org.openpnp.machine.reference.driver.GrblDriver  - $
2011-Nov-15 18:15:45:244 [Thread-4] DEBUG org.openpnp.machine.reference.driver.GrblDriver  - $0 = 94.486 (steps/mm x)
2011-Nov-15 18:15:45:260 [Thread-4] DEBUG org.openpnp.machine.reference.driver.GrblDriver  - $1 = 94.486 (steps/mm y)
2011-Nov-15 18:15:45:260 [Thread-4] DEBUG org.openpnp.machine.reference.driver.GrblDriver  - $2 = 188.975 (steps/mm z)
2011-Nov-15 18:15:45:260 [Thread-4] DEBUG org.openpnp.machine.reference.driver.GrblDriver  - $3 = 5.554 (steps/mm c)
2011-Nov-15 18:15:45:291 [Thread-4] DEBUG org.openpnp.machine.reference.driver.GrblDriver  - $4 = 30 (microseconds step pulse)
2011-Nov-15 18:15:45:292 [Thread-4] DEBUG org.openpnp.machine.reference.driver.GrblDriver  - $5 = 5000.000 (mm/min default feed rate)
2011-Nov-15 18:15:45:292 [Thread-4] DEBUG org.openpnp.machine.reference.driver.GrblDriver  - $6 = 5000.000 (mm/min default seek rate)
2011-Nov-15 18:15:45:323 [Thread-4] DEBUG org.openpnp.machine.reference.driver.GrblDriver  - $7 = 0.100 (mm/arc segment)
2011-Nov-15 18:15:45:323 [Thread-4] DEBUG org.openpnp.machine.reference.driver.GrblDriver  - $8 = 250.000 (acceleration in mm/sec^2)
2011-Nov-15 18:15:45:324 [Thread-4] DEBUG org.openpnp.machine.reference.driver.GrblDriver  - $9 = 0.050 (cornering junction deviation in mm)
2011-Nov-15 18:15:45:338 [Thread-4] DEBUG org.openpnp.machine.reference.driver.GrblDriver  - !0 = 0.75 (Grbl version)
2011-Nov-15 18:15:45:369 [Thread-4] DEBUG org.openpnp.machine.reference.driver.GrblDriver  - !1 = 0 (steppers disabled = 0, enabled = 1)
2011-Nov-15 18:15:45:370 [Thread-4] DEBUG org.openpnp.machine.reference.driver.GrblDriver  - '$x=value' to set parameter or just '$' to dump current settings
2011-Nov-15 18:15:45:370 [Thread-4] DEBUG org.openpnp.machine.reference.driver.GrblDriver  - ok
2011-Nov-15 18:15:45:378 [AWT-EventQueue-0] DEBUG org.openpnp.machine.reference.driver.GrblDriver  - Connected to Grbl Version: 0.75
2011-Nov-15 18:15:45:379 [AWT-EventQueue-0] DEBUG org.openpnp.machine.reference.driver.GrblDriver  - !1=0
2011-Nov-15 18:15:45:401 [Thread-4] DEBUG org.openpnp.machine.reference.driver.GrblDriver  - Set runtime setting
2011-Nov-15 18:15:45:401 [Thread-4] DEBUG org.openpnp.machine.reference.driver.GrblDriver  - ok
2011-Nov-15 18:15:45:401 [AWT-EventQueue-0] DEBUG org.openpnp.machine.reference.driver.GrblDriver  - G92 X0 Y0 Z0 C0
2011-Nov-15 18:15:45:417 [Thread-4] DEBUG org.openpnp.machine.reference.driver.GrblDriver  - ok
2011-11-15 18:16:57,934 [Thread-4] DEBUG org.openpnp.machine.reference.driver.GrblDriver  - Grbl 0.75
2011-11-15 18:16:57,935 [Thread-4] DEBUG org.openpnp.machine.reference.driver.GrblDriver  - '$' to dump current settings
2011-11-15 18:17:00,852 [AWT-EventQueue-0] DEBUG org.openpnp.machine.reference.driver.GrblDriver  - $
2011-11-15 18:17:00,868 [Thread-4] DEBUG org.openpnp.machine.reference.driver.GrblDriver  - $0 = 94.486 (steps/mm x)
2011-11-15 18:17:00,869 [Thread-4] DEBUG org.openpnp.machine.reference.driver.GrblDriver  - $1 = 94.486 (steps/mm y)
2011-11-15 18:17:00,885 [Thread-4] DEBUG org.openpnp.machine.reference.driver.GrblDriver  - $2 = 188.975 (steps/mm z)
2011-11-15 18:17:00,885 [Thread-4] DEBUG org.openpnp.machine.reference.driver.GrblDriver  - $3 = 5.554 (steps/mm c)
2011-11-15 18:17:00,900 [Thread-4] DEBUG org.openpnp.machine.reference.driver.GrblDriver  - $4 = 30 (microseconds step pulse)
2011-11-15 18:17:00,931 [Thread-4] DEBUG org.openpnp.machine.reference.driver.GrblDriver  - $5 = 5000.000 (mm/min default feed rate)
2011-11-15 18:17:00,932 [Thread-4] DEBUG org.openpnp.machine.reference.driver.GrblDriver  - $6 = 5000.000 (mm/min default seek rate)
2011-11-15 18:17:00,932 [Thread-4] DEBUG org.openpnp.machine.reference.driver.GrblDriver  - $7 = 0.100 (mm/arc segment)
2011-11-15 18:17:00,932 [Thread-4] DEBUG org.openpnp.machine.reference.driver.GrblDriver  - $8 = 250.000 (acceleration in mm/sec^2)
2011-11-15 18:17:00,947 [Thread-4] DEBUG org.openpnp.machine.reference.driver.GrblDriver  - $9 = 0.050 (cornering junction deviation in mm)
2011-11-15 18:17:00,978 [Thread-4] DEBUG org.openpnp.machine.reference.driver.GrblDriver  - !0 = 0.75 (Grbl version)
2011-11-15 18:17:00,979 [Thread-4] DEBUG org.openpnp.machine.reference.driver.GrblDriver  - !1 = 0 (steppers disabled = 0, enabled = 1)
2011-11-15 18:17:00,994 [Thread-4] DEBUG org.openpnp.machine.reference.driver.GrblDriver  - '$x=value' to set parameter or just '$' to dump current settings
2011-11-15 18:17:00,994 [Thread-4] DEBUG org.openpnp.machine.reference.driver.GrblDriver  - ok
2011-11-15 18:17:01,001 [AWT-EventQueue-0] DEBUG org.openpnp.machine.reference.driver.GrblDriver  - Connected to Grbl Version: 0.75
2011-11-15 18:17:01,001 [AWT-EventQueue-0] DEBUG org.openpnp.machine.reference.driver.GrblDriver  - !1=0
2011-11-15 18:17:01,010 [Thread-4] DEBUG org.openpnp.machine.reference.driver.GrblDriver  - Set runtime setting
2011-11-15 18:17:01,010 [Thread-4] DEBUG org.openpnp.machine.reference.driver.GrblDriver  - ok
2011-11-15 18:17:01,010 [AWT-EventQueue-0] DEBUG org.openpnp.machine.reference.driver.GrblDriver  - G92 X0 Y0 Z0 C0
2011-11-15 18:17:01,026 [Thread-4] DEBUG org.openpnp.machine.reference.driver.GrblDriver  - ok
2011-Nov-15 18:19:51:011 [Thread-4] DEBUG org.openpnp.machine.reference.driver.GrblDriver  - Grbl 0.75
2011-Nov-15 18:19:51:013 [Thread-4] DEBUG org.openpnp.machine.reference.driver.GrblDriver  - '$' to dump current settings
2011-Nov-15 18:19:53:929 [AWT-EventQueue-0] DEBUG org.openpnp.machine.reference.driver.GrblDriver  - $
2011-Nov-15 18:19:53:945 [Thread-4] DEBUG org.openpnp.machine.reference.driver.GrblDriver  - $0 = 94.486 (steps/mm x)
2011-Nov-15 18:19:53:946 [Thread-4] DEBUG org.openpnp.machine.reference.driver.GrblDriver  - $1 = 94.486 (steps/mm y)
2011-Nov-15 18:19:53:976 [Thread-4] DEBUG org.openpnp.machine.reference.driver.GrblDriver  - $2 = 188.975 (steps/mm z)
2011-Nov-15 18:19:53:976 [Thread-4] DEBUG org.openpnp.machine.reference.driver.GrblDriver  - $3 = 5.554 (steps/mm c)
2011-Nov-15 18:19:53:977 [Thread-4] DEBUG org.openpnp.machine.reference.driver.GrblDriver  - $4 = 30 (microseconds step pulse)
2011-Nov-15 18:19:54:007 [Thread-4] DEBUG org.openpnp.machine.reference.driver.GrblDriver  - $5 = 5000.000 (mm/min default feed rate)
2011-Nov-15 18:19:54:008 [Thread-4] DEBUG org.openpnp.machine.reference.driver.GrblDriver  - $6 = 5000.000 (mm/min default seek rate)
2011-Nov-15 18:19:54:008 [Thread-4] DEBUG org.openpnp.machine.reference.driver.GrblDriver  - $7 = 0.100 (mm/arc segment)
2011-Nov-15 18:19:54:008 [Thread-4] DEBUG org.openpnp.machine.reference.driver.GrblDriver  - $8 = 250.000 (acceleration in mm/sec^2)
2011-Nov-15 18:19:54:038 [Thread-4] DEBUG org.openpnp.machine.reference.driver.GrblDriver  - $9 = 0.050 (cornering junction deviation in mm)
2011-Nov-15 18:19:54:038 [Thread-4] DEBUG org.openpnp.machine.reference.driver.GrblDriver  - !0 = 0.75 (Grbl version)
2011-Nov-15 18:19:54:039 [Thread-4] DEBUG org.openpnp.machine.reference.driver.GrblDriver  - !1 = 0 (steppers disabled = 0, enabled = 1)
2011-Nov-15 18:19:54:070 [Thread-4] DEBUG org.openpnp.machine.reference.driver.GrblDriver  - '$x=value' to set parameter or just '$' to dump current settings
2011-Nov-15 18:19:54:070 [Thread-4] DEBUG org.openpnp.machine.reference.driver.GrblDriver  - ok
2011-Nov-15 18:19:54:077 [AWT-EventQueue-0] DEBUG org.openpnp.machine.reference.driver.GrblDriver  - Connected to Grbl Version: 0.75
2011-Nov-15 18:19:54:078 [AWT-EventQueue-0] DEBUG org.openpnp.machine.reference.driver.GrblDriver  - !1=0
2011-Nov-15 18:19:54:086 [Thread-4] DEBUG org.openpnp.machine.reference.driver.GrblDriver  - Set runtime setting
2011-Nov-15 18:19:54:102 [Thread-4] DEBUG org.openpnp.machine.reference.driver.GrblDriver  - ok
2011-Nov-15 18:19:54:103 [AWT-EventQueue-0] DEBUG org.openpnp.machine.reference.driver.GrblDriver  - G92 X0 Y0 Z0 C0
2011-Nov-15 18:19:54:118 [Thread-4] DEBUG org.openpnp.machine.reference.driver.GrblDriver  - ok
